<?xml version="1.0" encoding="UTF-8"?>
<!-- Generated by org.testng.reporters.JUnitReportReporter -->
<testsuite hostname="DESKTOP-NHPVION" failures="0" tests="1" name="AutomateEdureka.Randomphoneandaddress" time="50.425" errors="0" timestamp="2023-06-14T16:52:08 PKT" skipped="0">
  <testcase classname="AutomateEdureka.Randomphoneandaddress" name="testImmoProfileUpdate" time="50.425"/>
</testsuite> <!-- AutomateEdureka.Randomphoneandaddress -->
