<?xml version="1.0" encoding="UTF-8"?>
<!-- Generated by org.testng.reporters.JUnitReportReporter -->
<testsuite hostname="DESKTOP-NHPVION" failures="0" tests="1" name="AutomateEdureka.AutomateImmoprofile" time="16.555" errors="0" timestamp="2023-06-15T10:18:25 PKT" skipped="0">
  <testcase classname="AutomateEdureka.AutomateImmoprofile" name="testImmoProfileUpdate" time="16.555"/>
</testsuite> <!-- AutomateEdureka.AutomateImmoprofile -->
