<?xml version="1.0" encoding="UTF-8"?>
<!-- Generated by org.testng.reporters.JUnitReportReporter -->
<testsuite hostname="DESKTOP-NHPVION" failures="0" tests="1" name="TestNG.testngsimplecode" time="0.002" errors="0" timestamp="2023-06-14T12:54:26 PKT" skipped="0">
  <testcase classname="TestNG.testngsimplecode" name="testExample" time="0.002"/>
</testsuite> <!-- TestNG.testngsimplecode -->
