<?xml version="1.0" encoding="UTF-8"?>
<!-- Generated by org.testng.reporters.JUnitReportReporter -->
<testsuite hostname="DESKTOP-NHPVION" failures="0" tests="3" name="TestNGlistners.MyTest" time="0.027" errors="0" timestamp="2023-06-13T14:33:00 PKT" skipped="0">
  <testcase classname="TestNGlistners.MyTest" name="testMethod3" time="0.003"/>
  <testcase classname="TestNGlistners.MyTest" name="testMethod1" time="0.022"/>
  <testcase classname="TestNGlistners.MyTest" name="testMethod2" time="0.002"/>
</testsuite> <!-- TestNGlistners.MyTest -->
